<?xml version="1.0" encoding="UTF-8"?>
<!-- Generated by org.testng.reporters.JUnitReportReporter -->
<testsuite hostname="Haritha" failures="0" tests="4" name="PetStoreUserAPIAutomation.TestPetStore" time="2.446" errors="0" timestamp="2024-08-14T09:54:17 CDT" skipped="0">
  <testcase classname="PetStoreUserAPIAutomation.TestPetStore" name="createUserTest" time="1.605"/>
  <testcase classname="PetStoreUserAPIAutomation.TestPetStore" name="getUser" time="0.340"/>
  <testcase classname="PetStoreUserAPIAutomation.TestPetStore" name="updateUser" time="0.251"/>
  <testcase classname="PetStoreUserAPIAutomation.TestPetStore" name="deleteUser" time="0.250"/>
</testsuite> <!-- PetStoreUserAPIAutomation.TestPetStore -->
