<?xml version="1.0" encoding="UTF-8"?>
<!-- Generated by org.testng.reporters.JUnitReportReporter -->
<testsuite hostname="Haritha" failures="0" tests="1" name="PetStorePetDetailsAPIAutomation.TestPetDetails" time="1.667" errors="0" timestamp="2024-08-15T18:18:01 CDT" skipped="0">
  <testcase classname="PetStorePetDetailsAPIAutomation.TestPetDetails" name="createPetTest" time="1.667"/>
</testsuite> <!-- PetStorePetDetailsAPIAutomation.TestPetDetails -->
