<?xml version="1.0" encoding="UTF-8"?>
<!-- Generated by org.testng.reporters.JUnitReportReporter -->
<testsuite hostname="Haritha" failures="0" tests="1" name="PetStorePetDetailsAPIAutomation.TestPetDetailsLombok" time="2.648" errors="0" timestamp="2024-08-16T13:05:37 CDT" skipped="0">
  <testcase classname="PetStorePetDetailsAPIAutomation.TestPetDetailsLombok" name="createPetTest" time="2.648"/>
</testsuite> <!-- PetStorePetDetailsAPIAutomation.TestPetDetailsLombok -->
