<?xml version="1.0" encoding="UTF-8"?>
<!-- Generated by org.testng.reporters.JUnitReportReporter -->
<testsuite hostname="Haritha" failures="0" tests="4" name="PetStoreUserAPIAutomation.TestPetstoreUsingJsonFile" time="4.062" errors="0" timestamp="2024-08-14T13:13:19 CDT" skipped="0">
  <testcase classname="PetStoreUserAPIAutomation.TestPetstoreUsingJsonFile" name="createUserTest" time="2.992"/>
  <testcase classname="PetStoreUserAPIAutomation.TestPetstoreUsingJsonFile" name="getUser" time="0.435"/>
  <testcase classname="PetStoreUserAPIAutomation.TestPetstoreUsingJsonFile" name="updateUser" time="0.328"/>
  <testcase classname="PetStoreUserAPIAutomation.TestPetstoreUsingJsonFile" name="deleteUser" time="0.307"/>
</testsuite> <!-- PetStoreUserAPIAutomation.TestPetstoreUsingJsonFile -->
