<?xml version="1.0" encoding="UTF-8"?>
<!-- Generated by org.testng.reporters.JUnitReportReporter -->
<testsuite hostname="Haritha" failures="0" tests="1" name="PetStorePetDetailsAPIAutomation.TestPetDetailsLombokBuilder" time="3.890" errors="0" timestamp="2024-08-16T13:47:37 CDT" skipped="0">
  <testcase classname="PetStorePetDetailsAPIAutomation.TestPetDetailsLombokBuilder" name="createPetTest" time="3.890"/>
</testsuite> <!-- PetStorePetDetailsAPIAutomation.TestPetDetailsLombokBuilder -->
